Arguments: 
  /usr/local/bin/node /usr/local/bin/yarn add thunkify

PATH: 
  /usr/bin:/bin:/usr/sbin:/sbin:/usr/local/bin:/usr/local/mysql/bin

Yarn version: 
  0.16.1

Node version: 
  6.0.0

Platform: 
  darwin x64

npm manifest: 
  {
    "name": "guahao",
    "version": "1.0.0",
    "description": "",
    "main": "index.js",
    "scripts": {
      "test": "echo \"Error: no test specified\" && exit 1"
    },
    "author": "",
    "license": "ISC"
  }

yarn manifest: 
  No manifest

bower manifest: 
  No manifest

Lockfile: 
  No lockfile

Trace: 
  Error: read ETIMEDOUT
      at exports._errnoException (util.js:896:11)
      at TLSWrap.onread (net.js:556:26)
